<?xml version="1.0" encoding="UTF-8"?>
<testng-results ignored="0" total="2" passed="2" failed="0" skipped="0">
  <reporter-output>
  </reporter-output>
  <suite started-at="2022-04-09T11:12:50 ICT" name="Default suite" finished-at="2022-04-09T11:13:47 ICT" duration-ms="56415">
    <groups>
    </groups>
    <test started-at="2022-04-09T11:12:50 ICT" name="Default test" finished-at="2022-04-09T11:13:47 ICT" duration-ms="56415">
      <class name="com.juaracoding.ujian7.StepDefinitions">
        <test-method is-config="true" signature="initReports()[pri:0, instance:com.juaracoding.ujian7.StepDefinitions@2ed2d9cb]" started-at="2022-04-09T11:12:50 ICT" name="initReports" finished-at="2022-04-09T11:12:51 ICT" duration-ms="256" status="PASS">
          <reporter-output>
          </reporter-output>
        </test-method> <!-- initReports -->
        <test-method is-config="true" signature="setUp()[pri:0, instance:com.juaracoding.ujian7.StepDefinitions@2ed2d9cb]" started-at="2022-04-09T11:12:51 ICT" name="setUp" finished-at="2022-04-09T11:13:03 ICT" duration-ms="12294" status="PASS">
          <reporter-output>
          </reporter-output>
        </test-method> <!-- setUp -->
        <test-method is-config="true" signature="beforeMethodTest()[pri:0, instance:com.juaracoding.ujian7.StepDefinitions@2ed2d9cb]" started-at="2022-04-09T11:13:03 ICT" name="beforeMethodTest" finished-at="2022-04-09T11:13:03 ICT" duration-ms="41" status="PASS">
          <reporter-output>
          </reporter-output>
        </test-method> <!-- beforeMethodTest -->
        <test-method signature="testAddPengeluaran()[pri:1, instance:com.juaracoding.ujian7.StepDefinitions@2ed2d9cb]" started-at="2022-04-09T11:13:03 ICT" name="testAddPengeluaran" description="User menambahkan pengeluaran" finished-at="2022-04-09T11:13:26 ICT" duration-ms="23162" status="PASS">
          <reporter-output>
          </reporter-output>
        </test-method> <!-- testAddPengeluaran -->
        <test-method is-config="true" signature="getResult(org.testng.ITestResult)[pri:0, instance:com.juaracoding.ujian7.StepDefinitions@2ed2d9cb]" started-at="2022-04-09T11:13:26 ICT" name="getResult" finished-at="2022-04-09T11:13:26 ICT" duration-ms="5" status="PASS">
          <params>
            <param index="0">
              <value>
                <![CDATA[[TestResult name=testAddPengeluaran status=SUCCESS method=StepDefinitions.testAddPengeluaran()[pri:1, instance:com.juaracoding.ujian7.StepDefinitions@2ed2d9cb] output={null}]]]>
              </value>
            </param>
          </params>
          <reporter-output>
          </reporter-output>
        </test-method> <!-- getResult -->
        <test-method is-config="true" signature="beforeMethodTest()[pri:0, instance:com.juaracoding.ujian7.StepDefinitions@2ed2d9cb]" started-at="2022-04-09T11:13:26 ICT" name="beforeMethodTest" finished-at="2022-04-09T11:13:26 ICT" duration-ms="0" status="PASS">
          <reporter-output>
          </reporter-output>
        </test-method> <!-- beforeMethodTest -->
        <test-method signature="testAddPemasukan()[pri:2, instance:com.juaracoding.ujian7.StepDefinitions@2ed2d9cb]" started-at="2022-04-09T11:13:26 ICT" name="testAddPemasukan" description="User menambahkan pemasukan" finished-at="2022-04-09T11:13:44 ICT" duration-ms="17566" status="PASS">
          <reporter-output>
          </reporter-output>
        </test-method> <!-- testAddPemasukan -->
        <test-method is-config="true" signature="getResult(org.testng.ITestResult)[pri:0, instance:com.juaracoding.ujian7.StepDefinitions@2ed2d9cb]" started-at="2022-04-09T11:13:44 ICT" name="getResult" finished-at="2022-04-09T11:13:44 ICT" duration-ms="1" status="PASS">
          <params>
            <param index="0">
              <value>
                <![CDATA[[TestResult name=testAddPemasukan status=SUCCESS method=StepDefinitions.testAddPemasukan()[pri:2, instance:com.juaracoding.ujian7.StepDefinitions@2ed2d9cb] output={null}]]]>
              </value>
            </param>
          </params>
          <reporter-output>
          </reporter-output>
        </test-method> <!-- getResult -->
        <test-method is-config="true" signature="closeApp()[pri:0, instance:com.juaracoding.ujian7.StepDefinitions@2ed2d9cb]" started-at="2022-04-09T11:13:44 ICT" name="closeApp" finished-at="2022-04-09T11:13:47 ICT" duration-ms="3037" status="PASS">
          <reporter-output>
          </reporter-output>
        </test-method> <!-- closeApp -->
      </class> <!-- com.juaracoding.ujian7.StepDefinitions -->
    </test> <!-- Default test -->
  </suite> <!-- Default suite -->
</testng-results>
